Symbol range map extraction starting
Processing 26 files
startProcessing "xyz\vsngamer\elevator\ElevatorMod.java" md5: efdcf21ef8ee955b7a021e3601bfe4ac
endProcessing "xyz\vsngamer\elevator\ElevatorMod.java"

startProcessing "xyz\vsngamer\elevator\ElevatorModTab.java" md5: ea592208022f0795e137181a8b24ebff
endProcessing "xyz\vsngamer\elevator\ElevatorModTab.java"

startProcessing "xyz\vsngamer\elevator\Ref.java" md5: d8e16082a68e1c7d3e26bb7d53f14635
endProcessing "xyz\vsngamer\elevator\Ref.java"

startProcessing "xyz\vsngamer\elevator\blocks\BlockElevator.java" md5: 9996384bb386cd36a9bb79495e285282
endProcessing "xyz\vsngamer\elevator\blocks\BlockElevator.java"

startProcessing "xyz\vsngamer\elevator\blocks\BlockElevatorBlack.java" md5: 128cb4f756dc9eb8000693358c7866f8
endProcessing "xyz\vsngamer\elevator\blocks\BlockElevatorBlack.java"

startProcessing "xyz\vsngamer\elevator\blocks\BlockElevatorBlue.java" md5: 7eb51cf1201a09909a350d16b2336360
endProcessing "xyz\vsngamer\elevator\blocks\BlockElevatorBlue.java"

startProcessing "xyz\vsngamer\elevator\blocks\BlockElevatorBrown.java" md5: fe9d6af85c5a1766b2f53f93c6dd8666
endProcessing "xyz\vsngamer\elevator\blocks\BlockElevatorBrown.java"

startProcessing "xyz\vsngamer\elevator\blocks\BlockElevatorCyan.java" md5: 0071762ef1a884331d9455e3b28195e6
endProcessing "xyz\vsngamer\elevator\blocks\BlockElevatorCyan.java"

startProcessing "xyz\vsngamer\elevator\blocks\BlockElevatorGray.java" md5: 98e27448e51e1d58ad8403e94d771c30
endProcessing "xyz\vsngamer\elevator\blocks\BlockElevatorGray.java"

startProcessing "xyz\vsngamer\elevator\blocks\BlockElevatorGreen.java" md5: 3b0ab4bf632160e21e2efb37207285f3
endProcessing "xyz\vsngamer\elevator\blocks\BlockElevatorGreen.java"

startProcessing "xyz\vsngamer\elevator\blocks\BlockElevatorLightBlue.java" md5: a058207e3eaee7e1aca31f4cd5ddd06d
endProcessing "xyz\vsngamer\elevator\blocks\BlockElevatorLightBlue.java"

startProcessing "xyz\vsngamer\elevator\blocks\BlockElevatorLime.java" md5: 2c686679eb825e9ace4be0b84a8923c1
endProcessing "xyz\vsngamer\elevator\blocks\BlockElevatorLime.java"

startProcessing "xyz\vsngamer\elevator\blocks\BlockElevatorMagenta.java" md5: 55bc5307db8a3f4868c52c8497a5d5b8
endProcessing "xyz\vsngamer\elevator\blocks\BlockElevatorMagenta.java"

startProcessing "xyz\vsngamer\elevator\blocks\BlockElevatorOrange.java" md5: bb8f4e42ff1a10b7ea0a23517ddab35c
endProcessing "xyz\vsngamer\elevator\blocks\BlockElevatorOrange.java"

startProcessing "xyz\vsngamer\elevator\blocks\BlockElevatorPink.java" md5: d9f9bee5e79f9d6623e1716d50379278
endProcessing "xyz\vsngamer\elevator\blocks\BlockElevatorPink.java"

startProcessing "xyz\vsngamer\elevator\blocks\BlockElevatorPurple.java" md5: 18689f5c930f94b91a34e00b8e44d2c6
endProcessing "xyz\vsngamer\elevator\blocks\BlockElevatorPurple.java"

startProcessing "xyz\vsngamer\elevator\blocks\BlockElevatorRed.java" md5: b9d880be07556ceccc76259b75a9724a
endProcessing "xyz\vsngamer\elevator\blocks\BlockElevatorRed.java"

startProcessing "xyz\vsngamer\elevator\blocks\BlockElevatorSilver.java" md5: a788310a35e2a3b766f41ed19d995074
endProcessing "xyz\vsngamer\elevator\blocks\BlockElevatorSilver.java"

startProcessing "xyz\vsngamer\elevator\blocks\BlockElevatorYellow.java" md5: 3793cbd56de2e76574bdc22d70a86d11
endProcessing "xyz\vsngamer\elevator\blocks\BlockElevatorYellow.java"

startProcessing "xyz\vsngamer\elevator\init\ModBlocks.java" md5: 8edba62bef17325d059c5346357f9742
Cache Hit!
endProcessing "xyz\vsngamer\elevator\init\ModBlocks.java"

startProcessing "xyz\vsngamer\elevator\init\ModCrafting.java" md5: 0e8f669f8d3f3f78931cfe0a29721e7f
Cache Hit!
endProcessing "xyz\vsngamer\elevator\init\ModCrafting.java"

startProcessing "xyz\vsngamer\elevator\init\ModSounds.java" md5: 3e2dc0b26f1bb2d9b41f521d3ddb5724
Cache Hit!
endProcessing "xyz\vsngamer\elevator\init\ModSounds.java"

startProcessing "xyz\vsngamer\elevator\proxy\ClientProxy.java" md5: c8ecf9d75fc7700fd833e8e4c896d873
Cache Hit!
endProcessing "xyz\vsngamer\elevator\proxy\ClientProxy.java"

startProcessing "xyz\vsngamer\elevator\proxy\CommonProxy.java" md5: a8c669975c8085c1031b009ab56c5679
Cache Hit!
endProcessing "xyz\vsngamer\elevator\proxy\CommonProxy.java"

startProcessing "xyz\vsngamer\elevator\proxy\ServerProxy.java" md5: 7bcf8e8407def495c7b19f06de1a39b1
Cache Hit!
endProcessing "xyz\vsngamer\elevator\proxy\ServerProxy.java"

startProcessing "xyz\vsngamer\elevator\tileentity\TileEntityElevator.java" md5: 3ef8829e7a496a7dd094bcd580172606
endProcessing "xyz\vsngamer\elevator\tileentity\TileEntityElevator.java"

