[18:56:31] [Client thread/INFO]: Setting user: Player794
[18:56:34] [Client thread/INFO]: LWJGL Version: 2.9.4
[18:56:37] [Client thread/INFO]: Reloading ResourceManager: Default, FMLFileResourcePack:Forge Mod Loader, FMLFileResourcePack:Minecraft Forge, FMLFileResourcePack:Elevator Mod
[18:56:39] [Sound Library Loader/INFO]: Starting up SoundSystem...
[18:56:40] [Thread-8/INFO]: Initializing LWJGL OpenAL
[18:56:40] [Thread-8/INFO]: (The LWJGL binding of OpenAL.  For more information, see http://www.lwjgl.org)
[18:56:40] [Thread-8/INFO]: OpenAL initialized.
[18:56:40] [Sound Library Loader/INFO]: Sound engine started
[18:56:42] [Client thread/INFO]: Created: 16x16 textures-atlas
[18:56:44] [Client thread/INFO]: Reloading ResourceManager: Default, FMLFileResourcePack:Forge Mod Loader, FMLFileResourcePack:Minecraft Forge, FMLFileResourcePack:Elevator Mod
[18:56:45] [Client thread/INFO]: SoundSystem shutting down...
[18:56:46] [Client thread/WARN]: Author: Paul Lamb, www.paulscode.com
[18:56:46] [Sound Library Loader/INFO]: Starting up SoundSystem...
[18:56:46] [Thread-10/INFO]: Initializing LWJGL OpenAL
[18:56:46] [Thread-10/INFO]: (The LWJGL binding of OpenAL.  For more information, see http://www.lwjgl.org)
[18:56:46] [Thread-10/INFO]: OpenAL initialized.
[18:56:46] [Sound Library Loader/INFO]: Sound engine started
[18:56:48] [Client thread/INFO]: Created: 1024x512 textures-atlas
[18:56:50] [Realms Notification Availability checker #1/INFO]: Could not authorize you against Realms server: Invalid session id
[18:57:02] [Server thread/INFO]: Starting integrated minecraft server version 1.10.2
[18:57:02] [Server thread/INFO]: Generating keypair
[18:57:02] [Server thread/INFO]: Preparing start region for level 0
[18:57:03] [Server thread/INFO]: Changing view distance to 12, from 10
[18:57:04] [Server thread/INFO]: Player794[local:E:31aaf010] logged in with entity id 2 at (-1440.224457387954, 41.0, 855.5050553573084)
[18:57:04] [Server thread/INFO]: Player794 joined the game
[18:57:05] [Server thread/INFO]: Saving and pausing game...
[18:57:05] [Server thread/INFO]: Saving chunks for level 'test'/Overworld
[18:57:05] [Server thread/INFO]: Saving chunks for level 'test'/Nether
[18:57:05] [Server thread/INFO]: Saving chunks for level 'test'/The End
[18:57:05] [pool-2-thread-1/WARN]: Couldn't look up profile properties for com.mojang.authlib.GameProfile@25d42039[id=5e0a92cf-afd6-30a3-b846-b305e832c04d,name=Player794,properties={},legacy=false]
com.mojang.authlib.exceptions.AuthenticationException: The client has sent too many requests within a certain amount of time
	at com.mojang.authlib.yggdrasil.YggdrasilAuthenticationService.makeRequest(YggdrasilAuthenticationService.java:65) ~[YggdrasilAuthenticationService.class:?]
	at com.mojang.authlib.yggdrasil.YggdrasilMinecraftSessionService.fillGameProfile(YggdrasilMinecraftSessionService.java:175) [YggdrasilMinecraftSessionService.class:?]
	at com.mojang.authlib.yggdrasil.YggdrasilMinecraftSessionService$1.load(YggdrasilMinecraftSessionService.java:59) [YggdrasilMinecraftSessionService$1.class:?]
	at com.mojang.authlib.yggdrasil.YggdrasilMinecraftSessionService$1.load(YggdrasilMinecraftSessionService.java:56) [YggdrasilMinecraftSessionService$1.class:?]
	at com.google.common.cache.LocalCache$LoadingValueReference.loadFuture(LocalCache.java:3524) [guava-17.0.jar:?]
	at com.google.common.cache.LocalCache$Segment.loadSync(LocalCache.java:2317) [guava-17.0.jar:?]
	at com.google.common.cache.LocalCache$Segment.lockedGetOrLoad(LocalCache.java:2280) [guava-17.0.jar:?]
	at com.google.common.cache.LocalCache$Segment.get(LocalCache.java:2195) [guava-17.0.jar:?]
	at com.google.common.cache.LocalCache.get(LocalCache.java:3934) [guava-17.0.jar:?]
	at com.google.common.cache.LocalCache.getOrLoad(LocalCache.java:3938) [guava-17.0.jar:?]
	at com.google.common.cache.LocalCache$LocalLoadingCache.get(LocalCache.java:4821) [guava-17.0.jar:?]
	at com.google.common.cache.LocalCache$LocalLoadingCache.getUnchecked(LocalCache.java:4827) [guava-17.0.jar:?]
	at com.mojang.authlib.yggdrasil.YggdrasilMinecraftSessionService.fillProfileProperties(YggdrasilMinecraftSessionService.java:165) [YggdrasilMinecraftSessionService.class:?]
	at net.minecraft.client.Minecraft.getProfileProperties(Minecraft.java:3060) [Minecraft.class:?]
	at net.minecraft.client.resources.SkinManager$3.run(SkinManager.java:131) [SkinManager$3.class:?]
	at java.util.concurrent.Executors$RunnableAdapter.call(Unknown Source) [?:1.8.0_101]
	at java.util.concurrent.FutureTask.run(Unknown Source) [?:1.8.0_101]
	at java.util.concurrent.ThreadPoolExecutor.runWorker(Unknown Source) [?:1.8.0_101]
	at java.util.concurrent.ThreadPoolExecutor$Worker.run(Unknown Source) [?:1.8.0_101]
	at java.lang.Thread.run(Unknown Source) [?:1.8.0_101]
[18:57:05] [Server thread/INFO]: Saving and pausing game...
[18:57:05] [Server thread/INFO]: Saving chunks for level 'test'/Overworld
[18:57:05] [Server thread/INFO]: Saving chunks for level 'test'/Nether
[18:57:05] [Server thread/INFO]: Saving chunks for level 'test'/The End
[18:57:07] [Server thread/INFO]: Saving and pausing game...
[18:57:07] [Server thread/INFO]: Saving chunks for level 'test'/Overworld
[18:57:07] [Server thread/INFO]: Saving chunks for level 'test'/Nether
[18:57:07] [Server thread/INFO]: Saving chunks for level 'test'/The End
[18:57:09] [Server thread/INFO]: Changing difficulty to HARD, from EASY
[18:57:09] [Server thread/INFO]: Saving and pausing game...
[18:57:09] [Server thread/INFO]: Saving chunks for level 'test'/Overworld
[18:57:09] [Server thread/INFO]: Saving chunks for level 'test'/Nether
[18:57:09] [Server thread/INFO]: Saving chunks for level 'test'/The End
[18:57:11] [Server thread/INFO]: Saving and pausing game...
[18:57:11] [Server thread/INFO]: Saving chunks for level 'test'/Overworld
[18:57:11] [Server thread/INFO]: Saving chunks for level 'test'/Nether
[18:57:11] [Server thread/INFO]: Saving chunks for level 'test'/The End
[18:57:13] [Server thread/INFO]: Changing difficulty to PEACEFUL, from HARD
[18:57:14] [Server thread/INFO]: Saving and pausing game...
[18:57:14] [Server thread/INFO]: Saving chunks for level 'test'/Overworld
[18:57:14] [Server thread/INFO]: Saving chunks for level 'test'/Nether
[18:57:14] [Server thread/INFO]: Saving chunks for level 'test'/The End
[18:57:16] [Server thread/INFO]: Saving and pausing game...
[18:57:16] [Server thread/INFO]: Saving chunks for level 'test'/Overworld
[18:57:16] [Server thread/INFO]: Saving chunks for level 'test'/Nether
[18:57:16] [Server thread/INFO]: Saving chunks for level 'test'/The End
[18:57:19] [Server thread/INFO]: Saving and pausing game...
[18:57:19] [Server thread/INFO]: Saving chunks for level 'test'/Overworld
[18:57:19] [Server thread/INFO]: Saving chunks for level 'test'/Nether
[18:57:19] [Server thread/INFO]: Saving chunks for level 'test'/The End
[18:57:20] [Server thread/INFO]: Saving and pausing game...
[18:57:20] [Server thread/INFO]: Saving chunks for level 'test'/Overworld
[18:57:20] [Server thread/INFO]: Saving chunks for level 'test'/Nether
[18:57:20] [Server thread/INFO]: Saving chunks for level 'test'/The End
[18:57:32] [Server thread/INFO]: Saving and pausing game...
[18:57:32] [Server thread/INFO]: Saving chunks for level 'test'/Overworld
[18:57:32] [Server thread/INFO]: Saving chunks for level 'test'/Nether
[18:57:32] [Server thread/INFO]: Saving chunks for level 'test'/The End
[18:57:33] [Server thread/INFO]: Changing difficulty to EASY, from PEACEFUL
[18:57:40] [Server thread/INFO]: Saving and pausing game...
[18:57:40] [Server thread/INFO]: Saving chunks for level 'test'/Overworld
[18:57:40] [Server thread/INFO]: Saving chunks for level 'test'/Nether
[18:57:40] [Server thread/INFO]: Saving chunks for level 'test'/The End
[18:57:49] [Server thread/INFO]: Saving and pausing game...
[18:57:49] [Server thread/INFO]: Saving chunks for level 'test'/Overworld
[18:57:49] [Server thread/INFO]: Saving chunks for level 'test'/Nether
[18:57:49] [Server thread/INFO]: Saving chunks for level 'test'/The End
[18:57:52] [Server thread/INFO]: Changing difficulty to PEACEFUL, from EASY
[18:57:52] [Server thread/INFO]: Saving and pausing game...
[18:57:52] [Server thread/INFO]: Saving chunks for level 'test'/Overworld
[18:57:52] [Server thread/INFO]: Saving chunks for level 'test'/Nether
[18:57:52] [Server thread/INFO]: Saving chunks for level 'test'/The End
[18:58:03] [Server thread/INFO]: Saving and pausing game...
[18:58:03] [Server thread/INFO]: Saving chunks for level 'test'/Overworld
[18:58:03] [Server thread/INFO]: Saving chunks for level 'test'/Nether
[18:58:03] [Server thread/INFO]: Saving chunks for level 'test'/The End
[18:58:04] [Server thread/INFO]: Changing difficulty to EASY, from PEACEFUL
[18:58:17] [Server thread/INFO]: Player794 has just earned the achievement [Taking Inventory]
[18:58:17] [Client thread/INFO]: [CHAT] Player794 has just earned the achievement [Taking Inventory]
[18:58:24] [Server thread/INFO]: Saving and pausing game...
[18:58:24] [Server thread/INFO]: Saving chunks for level 'test'/Overworld
[18:58:24] [Server thread/INFO]: Saving chunks for level 'test'/Nether
[18:58:24] [Server thread/INFO]: Saving chunks for level 'test'/The End
[18:58:24] [Server thread/INFO]: Stopping server
[18:58:24] [Server thread/INFO]: Saving players
[18:58:24] [Server thread/INFO]: Saving worlds
[18:58:24] [Server thread/INFO]: Saving chunks for level 'test'/Overworld
[18:58:24] [Server thread/INFO]: Saving chunks for level 'test'/Nether
[18:58:24] [Server thread/INFO]: Saving chunks for level 'test'/The End
[18:58:25] [Client thread/INFO]: Stopping!
[18:58:25] [Client thread/INFO]: SoundSystem shutting down...
[18:58:25] [Client thread/WARN]: Author: Paul Lamb, www.paulscode.com
